# JRE version: Java(TM) SE Runtime Environment (8.0_171-b11) (build 1.8.0_171-b11)
# Java VM: Java HotSpot(TM) 64-Bit Server VM (25.171-b11 mixed mode windows-amd64 compressed oops)
Heap:
 PSYoungGen      total 189440K, used 157794K [0x00000000eb400000, 0x00000000f7f80000, 0x0000000100000000)
  eden space 177152K, 89% used [0x00000000eb400000,0x00000000f4e18b48,0x00000000f6100000)
  from space 12288K, 0% used [0x00000000f6100000,0x00000000f6100000,0x00000000f6d00000)
  to   space 11264K, 0% used [0x00000000f6d00000,0x00000000f6d00000,0x00000000f7800000)
 ParOldGen       total 46592K, used 14486K [0x00000000c1c00000, 0x00000000c4980000, 0x00000000eb400000)
  object space 46592K, 31% used [0x00000000c1c00000,0x00000000c2a25a70,0x00000000c4980000)
 Metaspace       used 46151K, capacity 48214K, committed 48424K, reserved 1091584K
  class space    used 6441K, capacity 6836K, committed 6952K, reserved 1048576K
GC Heap History (10 events):
Event: 4.838 GC heap before
{Heap before GC invocations=9 (full 1):
 PSYoungGen      total 71168K, used 65024K [0x00000000eb400000, 0x00000000f4500000, 0x0000000100000000)
  eden space 65024K, 100% used [0x00000000eb400000,0x00000000ef380000,0x00000000ef380000)
  from space 6144K, 0% used [0x00000000ef380000,0x00000000ef380000,0x00000000ef980000)
  to   space 9216K, 0% used [0x00000000f3c00000,0x00000000f3c00000,0x00000000f4500000)
 ParOldGen       total 35328K, used 11979K [0x00000000c1c00000, 0x00000000c3e80000, 0x00000000eb400000)
  object space 35328K, 33% used [0x00000000c1c00000,0x00000000c27b2ca0,0x00000000c3e80000)
 Metaspace       used 21882K, capacity 22710K, committed 22912K, reserved 1069056K
  class space    used 2935K, capacity 3178K, committed 3200K, reserved 1048576K
Event: 4.841 GC heap after
Heap after GC invocations=9 (full 1):
 PSYoungGen      total 122880K, used 2631K [0x00000000eb400000, 0x00000000f3f00000, 0x0000000100000000)
  eden space 119808K, 0% used [0x00000000eb400000,0x00000000eb400000,0x00000000f2900000)
  from space 3072K, 85% used [0x00000000f3c00000,0x00000000f3e91e78,0x00000000f3f00000)
  to   space 8704K, 0% used [0x00000000f2e00000,0x00000000f2e00000,0x00000000f3680000)
 ParOldGen       total 35328K, used 11987K [0x00000000c1c00000, 0x00000000c3e80000, 0x00000000eb400000)
  object space 35328K, 33% used [0x00000000c1c00000,0x00000000c27b4ca0,0x00000000c3e80000)
 Metaspace       used 21882K, capacity 22710K, committed 22912K, reserved 1069056K
  class space    used 2935K, capacity 3178K, committed 3200K, reserved 1048576K
}
Event: 6.135 GC heap before
{Heap before GC invocations=10 (full 1):
 PSYoungGen      total 122880K, used 122439K [0x00000000eb400000, 0x00000000f3f00000, 0x0000000100000000)
  eden space 119808K, 100% used [0x00000000eb400000,0x00000000f2900000,0x00000000f2900000)
  from space 3072K, 85% used [0x00000000f3c00000,0x00000000f3e91e78,0x00000000f3f00000)
  to   space 8704K, 0% used [0x00000000f2e00000,0x00000000f2e00000,0x00000000f3680000)
 ParOldGen       total 35328K, used 11987K [0x00000000c1c00000, 0x00000000c3e80000, 0x00000000eb400000)
  object space 35328K, 33% used [0x00000000c1c00000,0x00000000c27b4ca0,0x00000000c3e80000)
 Metaspace       used 27624K, capacity 29290K, committed 29568K, reserved 1075200K
  class space    used 3810K, capacity 4148K, committed 4224K, reserved 1048576K
Event: 6.147 GC heap after
Heap after GC invocations=10 (full 1):
 PSYoungGen      total 133632K, used 8684K [0x00000000eb400000, 0x00000000f7800000, 0x0000000100000000)
  eden space 124928K, 0% used [0x00000000eb400000,0x00000000eb400000,0x00000000f2e00000)
  from space 8704K, 99% used [0x00000000f2e00000,0x00000000f367b1c0,0x00000000f3680000)
  to   space 11264K, 0% used [0x00000000f6d00000,0x00000000f6d00000,0x00000000f7800000)
 ParOldGen       total 35328K, used 14260K [0x00000000c1c00000, 0x00000000c3e80000, 0x00000000eb400000)
  object space 35328K, 40% used [0x00000000c1c00000,0x00000000c29ed098,0x00000000c3e80000)
 Metaspace       used 27624K, capacity 29290K, committed 29568K, reserved 1075200K
  class space    used 3810K, capacity 4148K, committed 4224K, reserved 1048576K
}
Event: 6.774 GC heap before
{Heap before GC invocations=11 (full 1):
 PSYoungGen      total 133632K, used 133612K [0x00000000eb400000, 0x00000000f7800000, 0x0000000100000000)
  eden space 124928K, 100% used [0x00000000eb400000,0x00000000f2e00000,0x00000000f2e00000)
  from space 8704K, 99% used [0x00000000f2e00000,0x00000000f367b1c0,0x00000000f3680000)
  to   space 11264K, 0% used [0x00000000f6d00000,0x00000000f6d00000,0x00000000f7800000)
 ParOldGen       total 35328K, used 14260K [0x00000000c1c00000, 0x00000000c3e80000, 0x00000000eb400000)
  object space 35328K, 40% used [0x00000000c1c00000,0x00000000c29ed098,0x00000000c3e80000)
 Metaspace       used 32254K, capacity 34036K, committed 34176K, reserved 1079296K
  class space    used 4385K, capacity 4729K, committed 4736K, reserved 1048576K
Event: 6.787 GC heap after
Heap after GC invocations=11 (full 1):
 PSYoungGen      total 188416K, used 9265K [0x00000000eb400000, 0x00000000f7f80000, 0x0000000100000000)
  eden space 177152K, 0% used [0x00000000eb400000,0x00000000eb400000,0x00000000f6100000)
  from space 11264K, 82% used [0x00000000f6d00000,0x00000000f760c780,0x00000000f7800000)
  to   space 12288K, 0% used [0x00000000f6100000,0x00000000f6100000,0x00000000f6d00000)
 ParOldGen       total 35328K, used 15241K [0x00000000c1c00000, 0x00000000c3e80000, 0x00000000eb400000)
  object space 35328K, 43% used [0x00000000c1c00000,0x00000000c2ae2758,0x00000000c3e80000)
 Metaspace       used 32254K, capacity 34036K, committed 34176K, reserved 1079296K
  class space    used 4385K, capacity 4729K, committed 4736K, reserved 1048576K
}
Event: 7.017 GC heap before
{Heap before GC invocations=12 (full 1):
 PSYoungGen      total 188416K, used 29156K [0x00000000eb400000, 0x00000000f7f80000, 0x0000000100000000)
  eden space 177152K, 11% used [0x00000000eb400000,0x00000000ec76ca88,0x00000000f6100000)
  from space 11264K, 82% used [0x00000000f6d00000,0x00000000f760c780,0x00000000f7800000)
  to   space 12288K, 0% used [0x00000000f6100000,0x00000000f6100000,0x00000000f6d00000)
 ParOldGen       total 35328K, used 15241K [0x00000000c1c00000, 0x00000000c3e80000, 0x00000000eb400000)
  object space 35328K, 43% used [0x00000000c1c00000,0x00000000c2ae2758,0x00000000c3e80000)
 Metaspace       used 33645K, capacity 35436K, committed 35496K, reserved 1079296K
  class space    used 4646K, capacity 4995K, committed 5032K, reserved 1048576K
Event: 7.026 GC heap after
Heap after GC invocations=12 (full 1):
 PSYoungGen      total 189440K, used 1818K [0x00000000eb400000, 0x00000000f7f80000, 0x0000000100000000)
  eden space 177152K, 0% used [0x00000000eb400000,0x00000000eb400000,0x00000000f6100000)
  from space 12288K, 14% used [0x00000000f6100000,0x00000000f62c6930,0x00000000f6d00000)
  to   space 11264K, 0% used [0x00000000f6d00000,0x00000000f6d00000,0x00000000f7800000)
 ParOldGen       total 35328K, used 21218K [0x00000000c1c00000, 0x00000000c3e80000, 0x00000000eb400000)
  object space 35328K, 60% used [0x00000000c1c00000,0x00000000c30b8910,0x00000000c3e80000)
 Metaspace       used 33645K, capacity 35436K, committed 35496K, reserved 1079296K
  class space    used 4646K, capacity 4995K, committed 5032K, reserved 1048576K
}
Event: 7.026 GC heap before
{Heap before GC invocations=13 (full 2):
 PSYoungGen      total 189440K, used 1818K [0x00000000eb400000, 0x00000000f7f80000, 0x0000000100000000)
  eden space 177152K, 0% used [0x00000000eb400000,0x00000000eb400000,0x00000000f6100000)
  from space 12288K, 14% used [0x00000000f6100000,0x00000000f62c6930,0x00000000f6d00000)
  to   space 11264K, 0% used [0x00000000f6d00000,0x00000000f6d00000,0x00000000f7800000)
 ParOldGen       total 35328K, used 21218K [0x00000000c1c00000, 0x00000000c3e80000, 0x00000000eb400000)
  object space 35328K, 60% used [0x00000000c1c00000,0x00000000c30b8910,0x00000000c3e80000)
 Metaspace       used 33645K, capacity 35436K, committed 35496K, reserved 1079296K
  class space    used 4646K, capacity 4995K, committed 5032K, reserved 1048576K
Event: 7.122 GC heap after
Heap after GC invocations=13 (full 2):
 PSYoungGen      total 189440K, used 0K [0x00000000eb400000, 0x00000000f7f80000, 0x0000000100000000)
  eden space 177152K, 0% used [0x00000000eb400000,0x00000000eb400000,0x00000000f6100000)
  from space 12288K, 0% used [0x00000000f6100000,0x00000000f6100000,0x00000000f6d00000)
  to   space 11264K, 0% used [0x00000000f6d00000,0x00000000f6d00000,0x00000000f7800000)
 ParOldGen       total 46592K, used 14486K [0x00000000c1c00000, 0x00000000c4980000, 0x00000000eb400000)
  object space 46592K, 31% used [0x00000000c1c00000,0x00000000c2a25a70,0x00000000c4980000)
 Metaspace       used 33645K, capacity 35436K, committed 35496K, reserved 1079296K
  class space    used 4646K, capacity 4995K, committed 5032K, reserved 1048576K
}

